
SQL*Loader: Release 12.1.0.2.0 - Production on Fri May 7 12:45:01 2021

Copyright (c) 1982, 2014, Oracle and/or its affiliates.  All rights reserved.

Control File:   G9_ddi_range_extract.ctl
Data File:      /opt/ontology/scripts/G9/processed/FINAL_RESULT.pipe
  Bad File:     FINAL_RESULT.bad
  Discard File:  none specified
 
 (Allow all discards)

Number to load: ALL
Number to skip: 0
Errors allowed: 100
Bind array:     64 rows, maximum of 256000 bytes
Continuation:    none specified
Path used:      Conventional

Table G9_DMS_DUMP, loaded from every logical record.
Insert option in effect for this table: TRUNCATE
TRAILING NULLCOLS option in effect

   Column Name                  Position   Len  Term Encl Datatype
------------------------------ ---------- ----- ---- ---- ---------------------
SWITCH                              FIRST     *   |       CHARACTER            
CLLI                                 NEXT     *   |       CHARACTER            
CIRCUIT_REF                          NEXT     *   |       CHARACTER            
BILLING_NUMBER                       NEXT     *   |       CHARACTER            
SIGNALLING                           NEXT     *   |       CHARACTER            
X2                                   NEXT     *   |       CHARACTER            
  (FILLER FIELD)
X3                                   NEXT     *   |       CHARACTER            
  (FILLER FIELD)
X4                                   NEXT     *   |       CHARACTER            
  (FILLER FIELD)
START_NUMBER                         NEXT     *   |       CHARACTER            
END_NUMBER                           NEXT     *   |       CHARACTER            


Table G9_DMS_DUMP:
  0 Rows successfully loaded.
  0 Rows not loaded due to data errors.
  0 Rows not loaded because all WHEN clauses were failed.
  0 Rows not loaded because all fields were null.


Space allocated for bind array:                 115584 bytes(64 rows)
Read   buffer bytes: 1048576

Total logical records skipped:          0
Total logical records read:             0
Total logical records rejected:         0
Total logical records discarded:        0

Run began on Fri May 07 12:45:01 2021
Run ended on Fri May 07 12:45:02 2021

Elapsed time was:     00:00:00.65
CPU time was:         00:00:00.02
